[ 2013-05-15T16:38:46+08:00 ] 127.0.0.1 /yuqing/
INFO: [ app_begin ] --START--
INFO: Run ReadHtmlCache Behavior [ RunTime:0.001635s ]
INFO: [ app_begin ] --END-- [ RunTime:0.001868s ]
INFO: [ view_template ] --START--
INFO: Run LocationTemplate Behavior [ RunTime:0.001489s ]
INFO: [ view_template ] --END-- [ RunTime:0.001617s ]
INFO: [ view_parse ] --START--
INFO: Run ParseTemplate Behavior [ RunTime:0.031346s ]
INFO: [ view_parse ] --END-- [ RunTime:0.031470s ]
INFO: [ view_filter ] --START--
INFO: Run ContentReplace Behavior [ RunTime:0.000876s ]
INFO: Run TokenBuild Behavior [ RunTime:0.000769s ]
INFO: Run WriteHtmlCache Behavior [ RunTime:0.000691s ]
INFO: Run ShowRuntime Behavior [ RunTime:0.000959s ]
INFO: [ view_filter ] --END-- [ RunTime:0.003527s ]
INFO: [ view_end ] --START--
INFO: Run ShowPageTrace Behavior [ RunTime:0.001119s ]
INFO: [ view_end ] --END-- [ RunTime:0.001197s ]

[ 2013-05-15T16:39:14+08:00 ] 127.0.0.1 /yuqing/index.php/Profile
INFO: [ route_check ] --START--
INFO: Run CheckRoute Behavior [ RunTime:0.001793s ]
INFO: [ route_check ] --END-- [ RunTime:0.001952s ]
INFO: [ app_begin ] --START--
INFO: Run ReadHtmlCache Behavior [ RunTime:0.001223s ]
INFO: [ app_begin ] --END-- [ RunTime:0.001343s ]
ERR: 无法加载模块:Profile

